2023-04-01 14:28:38,895 INFO  [Log] Application Opened 
2023-04-01 14:28:39,593 INFO  [Log] Login Completed 
2023-04-01 14:28:39,880 INFO  [Log] Logout Completed 
2023-04-01 14:28:40,585 INFO  [Log] Application Close 
2023-04-01 14:29:06,374 INFO  [Log] Application Opened 
2023-04-01 14:29:07,268 INFO  [Log] Login Completed 
2023-04-01 14:29:07,611 INFO  [Log] Logout Completed 
2023-04-01 14:29:08,345 INFO  [Log] Application Close 
2023-04-01 14:40:49,993 INFO  [Log] Application Opened 
2023-04-01 14:40:50,732 INFO  [Log] Login Completed 
2023-04-01 14:40:51,005 INFO  [Log] Logout Completed 
2023-04-01 14:40:51,743 INFO  [Log] Application Close 
2023-04-01 14:41:38,827 INFO  [Log] Application Opened 
2023-04-01 14:41:39,607 INFO  [Log] Login Completed 
2023-04-01 14:41:39,919 INFO  [Log] Logout Completed 
2023-04-01 14:41:40,624 INFO  [Log] Application Close 
2023-04-01 14:46:08,032 INFO  [Log] Application Opened 
2023-04-01 14:46:08,680 INFO  [Log] Login Completed 
2023-04-01 14:46:08,714 INFO  [Log] Enter into Frame 
2023-04-01 14:46:10,219 INFO  [Log] Added New Employee 
2023-04-01 14:46:10,230 INFO  [Log] Exit From Frame 
2023-04-01 14:46:10,512 INFO  [Log] Logout Completed 
2023-04-01 14:46:11,326 INFO  [Log] Application Close 
2023-04-03 09:29:07,771 INFO  [Log] Application Opened 
2023-04-03 09:29:08,551 INFO  [Log] Login Completed 
2023-04-03 09:29:09,011 INFO  [Log] Logout Completed 
2023-04-03 09:29:10,537 INFO  [Log] Application Close 
